<?xml version="1.0" encoding="UTF-8"?>
<!-- Generated by org.testng.reporters.JUnitXMLReporter -->
<testsuite ignored="0" hostname="SAMIR-SANDILYA" failures="1" tests="1" name="Test" time="0.048" errors="0" timestamp="2024-11-30T21:14:28 IST">
  <testcase classname="com.niqsam.testscript.CampaignModule" name="createCampaign" time="0.0">
    <failure type="org.testng.TestNGException" message="
Cannot inject @Test annotated Method [createCampaign] with [interface org.openqa.selenium.WebDriver].
For more information on native dependency injection please refer to https://testng.org/#_dependency_injection">
      <![CDATA[org.testng.TestNGException: 
Cannot inject @Test annotated Method [createCampaign] with [interface org.openqa.selenium.WebDriver].
For more information on native dependency injection please refer to https://testng.org/#_dependency_injection
at java.base/java.util.ArrayList.forEach(ArrayList.java:1597)
... Removed 26 stack frames]]>
    </failure>
  </testcase> <!-- createCampaign -->
</testsuite> <!-- Test -->
